<?xml version="1.0" encoding="UTF-8"?>
<testsuite xmlns:xsi="http://www.w3.org/2001/XMLSchema-instance" xsi:noNamespaceSchemaLocation="https://maven.apache.org/surefire/maven-surefire-plugin/xsd/surefire-test-report-3.0.xsd" version="3.0" name="com.example.ServiceGateway.ServiceGatewayApplicationTests" time="8.916" tests="1" errors="0" skipped="0" failures="0">
  <properties>
[...]
</properties>
  <testcase name="contextLoads" classname="com.example.ServiceGateway.ServiceGatewayApplicationTests" time="1.044">
    <system-out><![CDATA[03:41:25.053 [main] INFO org.springframework.test.context.support.AnnotationConfigContextLoaderUtils -- Could not detect default configuration classes for test class [com.example.ServiceGateway.ServiceGatewayApplicationTests]: ServiceGatewayApplicationTests does not declare any static, non-private, non-final, nested classes annotated with @Configuration.
03:41:25.236 [main] INFO org.springframework.boot.test.context.SpringBootTestContextBootstrapper -- Found @SpringBootConfiguration com.example.ServiceGateway.ServiceGatewayApplication for test class com.example.ServiceGateway.ServiceGatewayApplicationTests

  .   ____          _            __ _ _
 /\\ / ___'_ __ _ _(_)_ __  __ _ \ \ \ \
( ( )\___ | '_ | '_| | '_ \/ _` | \ \ \ \
 \\/  ___)| |_)| | | | | || (_| |  ) ) ) )
  '  |____| .__|_| |_|_| |_\__, | / / / /
 =========|_|==============|___/=/_/_/_/
 :: Spring Boot ::                (v3.1.4)

2024-01-13T03:41:26.409+02:00  INFO 13800 --- [           main] c.e.S.ServiceGatewayApplicationTests     : Starting ServiceGatewayApplicationTests using Java 20.0.1 with PID 13800 (started by lenovo in D:\Downloads\ProjectSPringEnis\ServiceGateway)
2024-01-13T03:41:26.413+02:00  INFO 13800 --- [           main] c.e.S.ServiceGatewayApplicationTests     : No active profile set, falling back to 1 default profile: "default"
2024-01-13T03:41:28.322+02:00  INFO 13800 --- [           main] o.s.cloud.context.scope.GenericScope     : BeanFactory id=6c4b564c-7ef3-32eb-9008-76663f111318
2024-01-13T03:41:28.510+02:00  INFO 13800 --- [           main] trationDelegate$BeanPostProcessorChecker : Bean 'org.springframework.cloud.client.loadbalancer.reactive.LoadBalancerBeanPostProcessorAutoConfiguration' of type [org.springframework.cloud.client.loadbalancer.reactive.LoadBalancerBeanPostProcessorAutoConfiguration] is not eligible for getting processed by all BeanPostProcessors (for example: not eligible for auto-proxying)
2024-01-13T03:41:28.513+02:00  INFO 13800 --- [           main] trationDelegate$BeanPostProcessorChecker : Bean 'org.springframework.cloud.client.loadbalancer.reactive.LoadBalancerBeanPostProcessorAutoConfiguration$ReactorDeferringLoadBalancerFilterConfig' of type [org.springframework.cloud.client.loadbalancer.reactive.LoadBalancerBeanPostProcessorAutoConfiguration$ReactorDeferringLoadBalancerFilterConfig] is not eligible for getting processed by all BeanPostProcessors (for example: not eligible for auto-proxying)
2024-01-13T03:41:28.515+02:00  INFO 13800 --- [           main] trationDelegate$BeanPostProcessorChecker : Bean 'reactorDeferringLoadBalancerExchangeFilterFunction' of type [org.springframework.cloud.client.loadbalancer.reactive.DeferringLoadBalancerExchangeFilterFunction] is not eligible for getting processed by all BeanPostProcessors (for example: not eligible for auto-proxying)
2024-01-13T03:41:30.504+02:00  INFO 13800 --- [           main] o.s.c.g.r.RouteDefinitionRouteLocator    : Loaded RoutePredicateFactory [After]
2024-01-13T03:41:30.505+02:00  INFO 13800 --- [           main] o.s.c.g.r.RouteDefinitionRouteLocator    : Loaded RoutePredicateFactory [Before]
2024-01-13T03:41:30.505+02:00  INFO 13800 --- [           main] o.s.c.g.r.RouteDefinitionRouteLocator    : Loaded RoutePredicateFactory [Between]
2024-01-13T03:41:30.505+02:00  INFO 13800 --- [           main] o.s.c.g.r.RouteDefinitionRouteLocator    : Loaded RoutePredicateFactory [Cookie]
2024-01-13T03:41:30.505+02:00  INFO 13800 --- [           main] o.s.c.g.r.RouteDefinitionRouteLocator    : Loaded RoutePredicateFactory [Header]
2024-01-13T03:41:30.506+02:00  INFO 13800 --- [           main] o.s.c.g.r.RouteDefinitionRouteLocator    : Loaded RoutePredicateFactory [Host]
2024-01-13T03:41:30.506+02:00  INFO 13800 --- [           main] o.s.c.g.r.RouteDefinitionRouteLocator    : Loaded RoutePredicateFactory [Method]
2024-01-13T03:41:30.506+02:00  INFO 13800 --- [           main] o.s.c.g.r.RouteDefinitionRouteLocator    : Loaded RoutePredicateFactory [Path]
2024-01-13T03:41:30.506+02:00  INFO 13800 --- [           main] o.s.c.g.r.RouteDefinitionRouteLocator    : Loaded RoutePredicateFactory [Query]
2024-01-13T03:41:30.506+02:00  INFO 13800 --- [           main] o.s.c.g.r.RouteDefinitionRouteLocator    : Loaded RoutePredicateFactory [ReadBody]
2024-01-13T03:41:30.507+02:00  INFO 13800 --- [           main] o.s.c.g.r.RouteDefinitionRouteLocator    : Loaded RoutePredicateFactory [RemoteAddr]
2024-01-13T03:41:30.507+02:00  INFO 13800 --- [           main] o.s.c.g.r.RouteDefinitionRouteLocator    : Loaded RoutePredicateFactory [XForwardedRemoteAddr]
2024-01-13T03:41:30.507+02:00  INFO 13800 --- [           main] o.s.c.g.r.RouteDefinitionRouteLocator    : Loaded RoutePredicateFactory [Weight]
2024-01-13T03:41:30.507+02:00  INFO 13800 --- [           main] o.s.c.g.r.RouteDefinitionRouteLocator    : Loaded RoutePredicateFactory [CloudFoundryRouteService]
2024-01-13T03:41:30.968+02:00  INFO 13800 --- [           main] DiscoveryClientOptionalArgsConfiguration : Eureka HTTP Client uses RestTemplate.
2024-01-13T03:41:31.263+02:00  WARN 13800 --- [           main] iguration$LoadBalancerCaffeineWarnLogger : Spring Cloud LoadBalancer is currently working with the default cache. While this cache implementation is useful for development and tests, it's recommended to use Caffeine cache in production.You can switch to using Caffeine cache, by adding it and org.springframework.cache.caffeine.CaffeineCacheManager to the classpath.
2024-01-13T03:41:31.335+02:00  INFO 13800 --- [           main] o.s.c.n.eureka.InstanceInfoFactory       : Setting initial instance status as: STARTING
2024-01-13T03:41:31.539+02:00  INFO 13800 --- [           main] com.netflix.discovery.DiscoveryClient    : Initializing Eureka in region us-east-1
2024-01-13T03:41:31.549+02:00  INFO 13800 --- [           main] c.n.d.s.r.aws.ConfigClusterResolver      : Resolving eureka endpoints via configuration
2024-01-13T03:41:31.592+02:00  INFO 13800 --- [           main] com.netflix.discovery.DiscoveryClient    : Disable delta property : false
2024-01-13T03:41:31.592+02:00  INFO 13800 --- [           main] com.netflix.discovery.DiscoveryClient    : Single vip registry refresh property : null
2024-01-13T03:41:31.592+02:00  INFO 13800 --- [           main] com.netflix.discovery.DiscoveryClient    : Force full registry fetch : false
2024-01-13T03:41:31.592+02:00  INFO 13800 --- [           main] com.netflix.discovery.DiscoveryClient    : Application is null : false
2024-01-13T03:41:31.592+02:00  INFO 13800 --- [           main] com.netflix.discovery.DiscoveryClient    : Registered Applications size is zero : true
2024-01-13T03:41:31.592+02:00  INFO 13800 --- [           main] com.netflix.discovery.DiscoveryClient    : Application version is -1: true
2024-01-13T03:41:31.592+02:00  INFO 13800 --- [           main] com.netflix.discovery.DiscoveryClient    : Getting all instance registry info from the eureka server
2024-01-13T03:41:32.356+02:00  INFO 13800 --- [           main] com.netflix.discovery.DiscoveryClient    : The response status is 200
2024-01-13T03:41:32.360+02:00  INFO 13800 --- [           main] com.netflix.discovery.DiscoveryClient    : Starting heartbeat executor: renew interval is: 30
2024-01-13T03:41:32.364+02:00  INFO 13800 --- [           main] c.n.discovery.InstanceInfoReplicator     : InstanceInfoReplicator onDemand update allowed rate per min is 4
2024-01-13T03:41:32.378+02:00  INFO 13800 --- [           main] com.netflix.discovery.DiscoveryClient    : Discovery Client initialized at timestamp 1705110092377 with initial instances count: 1
2024-01-13T03:41:32.382+02:00  INFO 13800 --- [           main] o.s.c.n.e.s.EurekaServiceRegistry        : Registering application GATEWAY-SERVICE with eureka with status UP
2024-01-13T03:41:32.384+02:00  INFO 13800 --- [           main] com.netflix.discovery.DiscoveryClient    : Saw local status change event StatusChangeEvent [timestamp=1705110092384, current=UP, previous=STARTING]
2024-01-13T03:41:32.388+02:00  INFO 13800 --- [nfoReplicator-0] com.netflix.discovery.DiscoveryClient    : DiscoveryClient_GATEWAY-SERVICE/DESKTOP-82O5H3K:gateway-service:9000: registering service...
2024-01-13T03:41:32.457+02:00  INFO 13800 --- [nfoReplicator-0] com.netflix.discovery.DiscoveryClient    : DiscoveryClient_GATEWAY-SERVICE/DESKTOP-82O5H3K:gateway-service:9000 - registration status: 204
2024-01-13T03:41:32.606+02:00  INFO 13800 --- [           main] c.e.S.ServiceGatewayApplicationTests     : Started ServiceGatewayApplicationTests in 7.051 seconds (process running for 10.439)
]]></system-out>
  </testcase>
</testsuite>