<?xml version="1.0" encoding="UTF-8"?>
<testsuite xmlns:xsi="http://www.w3.org/2001/XMLSchema-instance" xsi:noNamespaceSchemaLocation="https://maven.apache.org/surefire/maven-surefire-plugin/xsd/surefire-test-report-3.0.xsd" version="3.0" name="com.example.ConfigServer.ConfigServerApplicationTests" time="6.385" tests="1" errors="0" skipped="0" failures="0">
  <properties>
[...]
</properties>
  <testcase name="contextLoads" classname="com.example.ConfigServer.ConfigServerApplicationTests" time="1.395">
    <system-out><![CDATA[03:40:57.707 [main] INFO org.springframework.test.context.support.AnnotationConfigContextLoaderUtils -- Could not detect default configuration classes for test class [com.example.ConfigServer.ConfigServerApplicationTests]: ConfigServerApplicationTests does not declare any static, non-private, non-final, nested classes annotated with @Configuration.
03:40:57.925 [main] INFO org.springframework.boot.test.context.SpringBootTestContextBootstrapper -- Found @SpringBootConfiguration com.example.ConfigServer.ConfigServerApplication for test class com.example.ConfigServer.ConfigServerApplicationTests

  .   ____          _            __ _ _
 /\\ / ___'_ __ _ _(_)_ __  __ _ \ \ \ \
( ( )\___ | '_ | '_| | '_ \/ _` | \ \ \ \
 \\/  ___)| |_)| | | | | || (_| |  ) ) ) )
  '  |____| .__|_| |_|_| |_\__, | / / / /
 =========|_|==============|___/=/_/_/_/
 :: Spring Boot ::                (v3.1.4)

2024-01-13T03:40:58.918+02:00  INFO 20000 --- [           main] c.e.C.ConfigServerApplicationTests       : Starting ConfigServerApplicationTests using Java 20.0.1 with PID 20000 (started by lenovo in D:\Downloads\ProjectSPringEnis\ConfigServer)
2024-01-13T03:40:58.922+02:00  INFO 20000 --- [           main] c.e.C.ConfigServerApplicationTests       : No active profile set, falling back to 1 default profile: "default"
2024-01-13T03:41:00.560+02:00  INFO 20000 --- [           main] o.s.cloud.context.scope.GenericScope     : BeanFactory id=56376ee6-ac7c-3a10-8ac9-1ead030e5623
2024-01-13T03:41:02.361+02:00  INFO 20000 --- [           main] c.e.C.ConfigServerApplicationTests       : Started ConfigServerApplicationTests in 4.239 seconds (process running for 6.621)
]]></system-out>
  </testcase>
</testsuite>